<?xml version="1.0" encoding="UTF-8"?>
<testsuites name="Order and check out with Global Variable" time="93.269" tests="2" failures="0" errors="0">
   <testsuite name="Order and check out with Global Variable" tests="2" failures="0" errors="0" time="93.269" skipped="0" timestamp="2021-08-05 00:12:00" hostname="root - 317847a6ec72" id="Test Suites/Order and check out with Global Variable">
      <properties>
         <property name="deviceName" value=""/>
         <property name="devicePlatform" value=""/>
         <property name="logFolder" value="/tmp/project/Reports/20210805_001156/Order and check out with Global Variable/20210805_001158"/>
         <property name="logFiles" value="/tmp/project/Reports/20210805_001156/Order and check out with Global Variable/20210805_001158/execution0.log"/>
         <property name="attachments" value=""/>
         <property name="hostName" value="root - 317847a6ec72"/>
         <property name="os" value="Linux 64bit"/>
         <property name="katalonVersion" value="8.0.5.208"/>
         <property name="browser" value="Chrome 91.0.4472.106"/>
         <property name="hostAddress" value="172.17.0.2"/>
         <property name="sessionId" value="e04c336e05a71a88cd6f8fb3a614a824"/>
         <property name="seleniumVersion" value="3.141.59"/>
         <property name="proxyInformation" value="ProxyInformation { proxyOption=NO_PROXY, proxyServerType=HTTP, username=, password=********, proxyServerAddress=, proxyServerPort=0, executionList=&quot;&quot;, isApplyToDesiredCapabilities=true }"/>
         <property name="platform" value="Linux"/>
      </properties>
      <testcase name="Test Cases/Custom-keyword samples/Order and check out a single product" time="44.025" classname="Test Cases/Custom-keyword samples/Order and check out a single product" status="PASSED">
         <system-out><![CDATA[2021-08-05 00:12:01 - [TEST_CASE][PASSED] - Test Cases/Custom-keyword samples/Order and check out a single product: Test Cases/Custom-keyword samples/Order and check out a single product

2021-08-05 00:12:01 - [TEST_STEP][PASSED] - sample.Login.loginIntoApplicationWithGlobalVariable(): sample.Login.loginIntoApplicationWithGlobalVariable is PASSED

2021-08-05 00:12:02 - [MESSAGE][INFO] - Starting 'Chrome' driver

2021-08-05 00:12:02 - [MESSAGE][INFO] - Action delay is set to 0 milliseconds

2021-08-05 00:12:04 - [MESSAGE][PASSED] - Browser is opened with url: 'http://cms.demo.katalon.com/my-account'

2021-08-05 00:12:04 - [MESSAGE][PASSED] - Wait for page load successfully

2021-08-05 00:12:04 - [MESSAGE][PASSED] - Current window maximized

2021-08-05 00:12:05 - [MESSAGE][PASSED] - Object 'Object Repository/Pages/MyAccount page/nav_HomeMyaccount' is visible

2021-08-05 00:12:05 - [MESSAGE][PASSED] - Keys 'customer' sent to object: 'Object Repository/Pages/MyAccount page/txtUsername'

2021-08-05 00:12:05 - [MESSAGE][PASSED] - Keys 'crz7mrb.KNG3yxv1fbn' sent to object: 'Object Repository/Pages/MyAccount page/txtPassword'

2021-08-05 00:12:06 - [MESSAGE][PASSED] - Object: 'Object Repository/Pages/MyAccount page/btnLogin' is clicked on

2021-08-05 00:12:07 - [MESSAGE][PASSED] - Delayed 1 second(s)

2021-08-05 00:12:07 - [MESSAGE][PASSED] - sample.Login.loginIntoApplicationWithGlobalVariable is PASSED

2021-08-05 00:12:07 - [TEST_STEP][PASSED] - waitForElementPresent(findTestObject("Pages/Shop page/lnkShop"), waitPresentTimeout): Object 'Object Repository/Pages/Shop page/lnkShop' is present

2021-08-05 00:12:08 - [MESSAGE][PASSED] - Object 'Object Repository/Pages/Shop page/lnkShop' is present

2021-08-05 00:12:08 - [TEST_STEP][PASSED] - click(findTestObject("Pages/Shop page/lnkShop")): Object: 'Object Repository/Pages/Shop page/lnkShop' is clicked on

2021-08-05 00:12:09 - [MESSAGE][PASSED] - Object: 'Object Repository/Pages/Shop page/lnkShop' is clicked on

2021-08-05 00:12:09 - [TEST_STEP][PASSED] - sample.Shop.addToCartWithGlobalVariable(): sample.Shop.addToCartWithGlobalVariable is PASSED

2021-08-05 00:12:09 - [MESSAGE][PASSED] - Navigate to 'http://cms.demo.katalon.com/product/flying-ninja' successfully

2021-08-05 00:12:10 - [MESSAGE][PASSED] - Object 'Object Repository/Pages/Shop page/btnAddToCart' is present

2021-08-05 00:12:11 - [MESSAGE][PASSED] - Object: 'Object Repository/Pages/Shop page/btnAddToCart' is clicked on

2021-08-05 00:12:12 - [MESSAGE][PASSED] - Object 'Object Repository/Pages/Shop page/lnkViewCart' is present

2021-08-05 00:12:13 - [MESSAGE][PASSED] - Object: 'Object Repository/Pages/Shop page/lnkViewCart' is clicked on

2021-08-05 00:12:13 - [MESSAGE][PASSED] - Object 'Object Repository/Pages/Shop page/btnProceed' is present

2021-08-05 00:12:13 - [MESSAGE][PASSED] - sample.Shop.addToCartWithGlobalVariable is PASSED

2021-08-05 00:12:13 - [TEST_STEP][PASSED] - sample.Checkout.CheckoutShop(firstName, lastName, companyName, country, address, city, postCode, Phone): sample.Checkout.CheckoutShop is PASSED

2021-08-05 00:12:14 - [MESSAGE][PASSED] - Object: 'Object Repository/Pages/Checkout page/lnkCheckout' is clicked on

2021-08-05 00:12:15 - [MESSAGE][PASSED] - Object 'Object Repository/Pages/Checkout page/txtFirstname' is visible

2021-08-05 00:12:16 - [MESSAGE][PASSED] - Text 'katalon' is set on object 'Object Repository/Pages/Checkout page/txtFirstname'

2021-08-05 00:12:17 - [MESSAGE][PASSED] - Text 'customer' is set on object 'Object Repository/Pages/Checkout page/txtLastname'

2021-08-05 00:12:17 - [MESSAGE][PASSED] - Object 'Object Repository/Pages/Checkout page/inputCompanyName' is visible

2021-08-05 00:12:18 - [MESSAGE][PASSED] - Text 'KMS' is set on object 'Object Repository/Pages/Checkout page/inputCompanyName'

2021-08-05 00:12:23 - [MESSAGE][INFO] - The list of options is: [SELECT A COUNTRY…, ÅLAND ISLANDS, AFGHANISTAN, ALBANIA, ALGERIA, AMERICAN SAMOA, ANDORRA, ANGOLA, ANGUILLA, ANTARCTICA, ANTIGUA AND BARBUDA, ARGENTINA, ARMENIA, ARUBA, AUSTRALIA, AUSTRIA, AZERBAIJAN, BAHAMAS, BAHRAIN, BANGLADESH, BARBADOS, BELARUS, BELAU, BELGIUM, BELIZE, BENIN, BERMUDA, BHUTAN, BOLIVIA, BONAIRE, SAINT EUSTATIUS AND SABA, BOSNIA AND HERZEGOVINA, BOTSWANA, BOUVET ISLAND, BRAZIL, BRITISH INDIAN OCEAN TERRITORY, BRUNEI, BULGARIA, BURKINA FASO, BURUNDI, CAMBODIA, CAMEROON, CANADA, CAPE VERDE, CAYMAN ISLANDS, CENTRAL AFRICAN REPUBLIC, CHAD, CHILE, CHINA, CHRISTMAS ISLAND, COCOS (KEELING) ISLANDS, COLOMBIA, COMOROS, CONGO (BRAZZAVILLE), CONGO (KINSHASA), COOK ISLANDS, COSTA RICA, CROATIA, CUBA, CURAÇAO, CYPRUS, CZECH REPUBLIC, DENMARK, DJIBOUTI, DOMINICA, DOMINICAN REPUBLIC, ECUADOR, EGYPT, EL SALVADOR, EQUATORIAL GUINEA, ERITREA, ESTONIA, ETHIOPIA, FALKLAND ISLANDS, FAROE ISLANDS, FIJI, FINLAND, FRANCE, FRENCH GUIANA, FRENCH POLYNESIA, FRENCH SOUTHERN TERRITORIES, GABON, GAMBIA, GEORGIA, GERMANY, GHANA, GIBRALTAR, GREECE, GREENLAND, GRENADA, GUADELOUPE, GUAM, GUATEMALA, GUERNSEY, GUINEA, GUINEA-BISSAU, GUYANA, HAITI, HEARD ISLAND AND MCDONALD ISLANDS, HONDURAS, HONG KONG, HUNGARY, ICELAND, INDIA, INDONESIA, IRAN, IRAQ, IRELAND, ISLE OF MAN, ISRAEL, ITALY, IVORY COAST, JAMAICA, JAPAN, JERSEY, JORDAN, KAZAKHSTAN, KENYA, KIRIBATI, KUWAIT, KYRGYZSTAN, LAOS, LATVIA, LEBANON, LESOTHO, LIBERIA, LIBYA, LIECHTENSTEIN, LITHUANIA, LUXEMBOURG, MACAO S.A.R., CHINA, MADAGASCAR, MALAWI, MALAYSIA, MALDIVES, MALI, MALTA, MARSHALL ISLANDS, MARTINIQUE, MAURITANIA, MAURITIUS, MAYOTTE, MEXICO, MICRONESIA, MOLDOVA, MONACO, MONGOLIA, MONTENEGRO, MONTSERRAT, MOROCCO, MOZAMBIQUE, MYANMAR, NAMIBIA, NAURU, NEPAL, NETHERLANDS, NEW CALEDONIA, NEW ZEALAND, NICARAGUA, NIGER, NIGERIA, NIUE, NORFOLK ISLAND, NORTH KOREA, NORTH MACEDONIA, NORTHERN MARIANA ISLANDS, NORWAY, OMAN, PAKISTAN, PALESTINIAN TERRITORY, PANAMA, PAPUA NEW GUINEA, PARAGUAY, PERU, PHILIPPINES, PITCAIRN, POLAND, PORTUGAL, PUERTO RICO, QATAR, REUNION, ROMANIA, RUSSIA, RWANDA, SÃO TOMÉ AND PRÍNCIPE, SAINT BARTHÉLEMY, SAINT HELENA, SAINT KITTS AND NEVIS, SAINT LUCIA, SAINT MARTIN (DUTCH PART), SAINT MARTIN (FRENCH PART), SAINT PIERRE AND MIQUELON, SAINT VINCENT AND THE GRENADINES, SAMOA, SAN MARINO, SAUDI ARABIA, SENEGAL, SERBIA, SEYCHELLES, SIERRA LEONE, SINGAPORE, SLOVAKIA, SLOVENIA, SOLOMON ISLANDS, SOMALIA, SOUTH AFRICA, SOUTH GEORGIA/SANDWICH ISLANDS, SOUTH KOREA, SOUTH SUDAN, SPAIN, SRI LANKA, SUDAN, SURINAME, SVALBARD AND JAN MAYEN, SWAZILAND, SWEDEN, SWITZERLAND, SYRIA, TAIWAN, TAJIKISTAN, TANZANIA, THAILAND, TIMOR-LESTE, TOGO, TOKELAU, TONGA, TRINIDAD AND TOBAGO, TUNISIA, TURKEY, TURKMENISTAN, TURKS AND CAICOS ISLANDS, TUVALU, UGANDA, UKRAINE, UNITED ARAB EMIRATES, UNITED KINGDOM (UK), UNITED STATES (US), UNITED STATES (US) MINOR OUTLYING ISLANDS, URUGUAY, UZBEKISTAN, VANUATU, VATICAN, VENEZUELA, VIETNAM, VIRGIN ISLANDS (BRITISH), VIRGIN ISLANDS (US), WALLIS AND FUTUNA, WESTERN SAHARA, YEMEN, ZAMBIA, ZIMBABWE]

2021-08-05 00:12:24 - [MESSAGE][PASSED] - Attribute 'class' of object 'Object Repository/Select2/select_single' is: 'country_to_state country_select select2-hidden-accessible'

2021-08-05 00:12:24 - [MESSAGE][INFO] - The selected options list is: [Vietnam]

2021-08-05 00:12:25 - [MESSAGE][PASSED] - Text '119 Board St' is set on object 'Object Repository/Pages/Checkout page/inputAddress'

2021-08-05 00:12:26 - [MESSAGE][PASSED] - Text 'HCM' is set on object 'Object Repository/Pages/Checkout page/inputCity'

2021-08-05 00:12:28 - [MESSAGE][PASSED] - Text '70000' is set on object 'Object Repository/Pages/Checkout page/inputPostcode'

2021-08-05 00:12:29 - [MESSAGE][PASSED] - Text '0359912800' is set on object 'Object Repository/Pages/Checkout page/inputPhone'

2021-08-05 00:12:35 - [MESSAGE][INFO] - Unable to find the element located by 'By.xpath: //*[@class = 'blockUI blockOverlay']'. Please recheck the objects properties to make sure the desired element is located. 

2021-08-05 00:12:35 - [MESSAGE][WARNING] - [SELF-HEALING] Failed to find element with id 'Object Repository/Pages/Checkout page/blockUI'. Try using Self-healing.

2021-08-05 00:12:35 - [MESSAGE][WARNING] - [SELF-HEALING] Cannot find elements when the XPath is null.

2021-08-05 00:12:35 - [MESSAGE][WARNING] - [SELF-HEALING] Cannot find elements when the selector is null

2021-08-05 00:12:35 - [MESSAGE][WARNING] - Object 'Object Repository/Pages/Checkout page/blockUI' is not present after 5 second(s)

2021-08-05 00:12:35 - [MESSAGE][PASSED] - Web element with id: 'Object Repository/Pages/Checkout page/blockUI' located by 'By.xpath: //*[@class = 'blockUI blockOverlay']' is not present after '60' second(s)

2021-08-05 00:12:36 - [MESSAGE][PASSED] - Object: 'Object Repository/Pages/Checkout page/btnPlaceOrder' is clicked on

2021-08-05 00:12:42 - [MESSAGE][INFO] - Unable to find the element located by 'By.xpath: //*[@class = 'blockUI blockOverlay']'. Please recheck the objects properties to make sure the desired element is located. 

2021-08-05 00:12:42 - [MESSAGE][WARNING] - [SELF-HEALING] Failed to find element with id 'Object Repository/Pages/Checkout page/blockUI'. Try using Self-healing.

2021-08-05 00:12:42 - [MESSAGE][WARNING] - [SELF-HEALING] Cannot find elements when the XPath is null.

2021-08-05 00:12:42 - [MESSAGE][WARNING] - [SELF-HEALING] Cannot find elements when the selector is null

2021-08-05 00:12:42 - [MESSAGE][WARNING] - Object 'Object Repository/Pages/Checkout page/blockUI' is not present after 5 second(s)

2021-08-05 00:12:42 - [MESSAGE][PASSED] - Web element with id: 'Object Repository/Pages/Checkout page/blockUI' located by 'By.xpath: //*[@class = 'blockUI blockOverlay']' is not present after '60' second(s)

2021-08-05 00:12:42 - [MESSAGE][PASSED] - sample.Checkout.CheckoutShop is PASSED

2021-08-05 00:12:42 - [TEST_STEP][PASSED] - sample.Login.logoutFromApplication(): sample.Login.logoutFromApplication is PASSED

2021-08-05 00:12:42 - [MESSAGE][PASSED] - Object 'Object Repository/Pages/MyAccount page/lnkMyAccount' is present

2021-08-05 00:12:43 - [MESSAGE][PASSED] - Object: 'Object Repository/Pages/MyAccount page/lnkMyAccount' is clicked on

2021-08-05 00:12:43 - [MESSAGE][PASSED] - Object 'Object Repository/Pages/MyAccount page/lnkLogout' is present

2021-08-05 00:12:44 - [MESSAGE][PASSED] - Object: 'Object Repository/Pages/MyAccount page/lnkLogout' is clicked on

2021-08-05 00:12:45 - [MESSAGE][PASSED] - Object 'Object Repository/Pages/MyAccount page/nav_HomeMyaccount' is visible

2021-08-05 00:12:45 - [MESSAGE][PASSED] - sample.Login.logoutFromApplication is PASSED

2021-08-05 00:12:45 - [TEST_STEP][PASSED] - closeBrowser(): Browser is closed

2021-08-05 00:12:45 - [MESSAGE][PASSED] - Browser is closed]]></system-out>
         <system-err><![CDATA[]]></system-err>
      </testcase>
      <testcase name="Test Cases/Custom-keyword samples/Order and check out a single product using coupon" time="48.584" classname="Test Cases/Custom-keyword samples/Order and check out a single product using coupon" status="PASSED">
         <system-out><![CDATA[2021-08-05 00:12:45 - [TEST_CASE][PASSED] - Test Cases/Custom-keyword samples/Order and check out a single product using coupon: Test Cases/Custom-keyword samples/Order and check out a single product using coupon

2021-08-05 00:12:45 - [TEST_STEP][PASSED] - sample.Login.loginIntoApplicationWithGlobalVariable(): sample.Login.loginIntoApplicationWithGlobalVariable is PASSED

2021-08-05 00:12:45 - [MESSAGE][INFO] - Starting 'Chrome' driver

2021-08-05 00:12:45 - [MESSAGE][INFO] - Action delay is set to 0 milliseconds

2021-08-05 00:12:46 - [MESSAGE][PASSED] - Browser is opened with url: 'http://cms.demo.katalon.com/my-account'

2021-08-05 00:12:46 - [MESSAGE][PASSED] - Wait for page load successfully

2021-08-05 00:12:47 - [MESSAGE][PASSED] - Current window maximized

2021-08-05 00:12:47 - [MESSAGE][PASSED] - Object 'Object Repository/Pages/MyAccount page/nav_HomeMyaccount' is visible

2021-08-05 00:12:47 - [MESSAGE][PASSED] - Keys 'customer' sent to object: 'Object Repository/Pages/MyAccount page/txtUsername'

2021-08-05 00:12:48 - [MESSAGE][PASSED] - Keys 'crz7mrb.KNG3yxv1fbn' sent to object: 'Object Repository/Pages/MyAccount page/txtPassword'

2021-08-05 00:12:49 - [MESSAGE][PASSED] - Object: 'Object Repository/Pages/MyAccount page/btnLogin' is clicked on

2021-08-05 00:12:50 - [MESSAGE][PASSED] - Delayed 1 second(s)

2021-08-05 00:12:50 - [MESSAGE][PASSED] - sample.Login.loginIntoApplicationWithGlobalVariable is PASSED

2021-08-05 00:12:50 - [TEST_STEP][PASSED] - waitForElementPresent(findTestObject("Pages/Shop page/lnkShop"), waitPresentTimeout): Object 'Object Repository/Pages/Shop page/lnkShop' is present

2021-08-05 00:12:50 - [MESSAGE][PASSED] - Object 'Object Repository/Pages/Shop page/lnkShop' is present

2021-08-05 00:12:50 - [TEST_STEP][PASSED] - click(findTestObject("Pages/Shop page/lnkShop")): Object: 'Object Repository/Pages/Shop page/lnkShop' is clicked on

2021-08-05 00:12:51 - [MESSAGE][PASSED] - Object: 'Object Repository/Pages/Shop page/lnkShop' is clicked on

2021-08-05 00:12:51 - [TEST_STEP][PASSED] - sample.Shop.applyCouponAndAddToCartWithGlobalVariable(): sample.Shop.applyCouponAndAddToCartWithGlobalVariable is PASSED

2021-08-05 00:12:52 - [MESSAGE][PASSED] - Navigate to 'http://cms.demo.katalon.com/product/flying-ninja' successfully

2021-08-05 00:12:57 - [MESSAGE][PASSED] - Delayed 5 second(s)

2021-08-05 00:12:57 - [MESSAGE][PASSED] - Object 'Object Repository/Pages/Shop page/btnAddToCart' is present

2021-08-05 00:12:58 - [MESSAGE][PASSED] - Object: 'Object Repository/Pages/Shop page/btnAddToCart' is clicked on

2021-08-05 00:12:58 - [MESSAGE][PASSED] - Object 'Object Repository/Pages/Shop page/lnkViewCart' is present

2021-08-05 00:12:59 - [MESSAGE][PASSED] - Object: 'Object Repository/Pages/Shop page/lnkViewCart' is clicked on

2021-08-05 00:13:00 - [MESSAGE][PASSED] - Text 'KBAW662S' is set on object 'Object Repository/Pages/Shop page/txtCoupon'

2021-08-05 00:13:00 - [MESSAGE][PASSED] - Object: 'Object Repository/Pages/Shop page/btnApply' is clicked on

2021-08-05 00:13:00 - [MESSAGE][PASSED] - sample.Shop.applyCouponAndAddToCartWithGlobalVariable is PASSED

2021-08-05 00:13:00 - [TEST_STEP][PASSED] - sample.Checkout.CheckoutShopWithGlobalVariable(): sample.Checkout.CheckoutShopWithGlobalVariable is PASSED

2021-08-05 00:13:03 - [MESSAGE][PASSED] - Object: 'Object Repository/Pages/Checkout page/lnkCheckout' is clicked on

2021-08-05 00:13:04 - [MESSAGE][PASSED] - Object 'Object Repository/Pages/Checkout page/txtFirstname' is visible

2021-08-05 00:13:04 - [MESSAGE][PASSED] - Text 'katalon' is set on object 'Object Repository/Pages/Checkout page/txtFirstname'

2021-08-05 00:13:05 - [MESSAGE][PASSED] - Text 'customer' is set on object 'Object Repository/Pages/Checkout page/txtLastname'

2021-08-05 00:13:06 - [MESSAGE][PASSED] - Object 'Object Repository/Pages/Checkout page/inputCompanyName' is visible

2021-08-05 00:13:07 - [MESSAGE][PASSED] - Text 'KMS' is set on object 'Object Repository/Pages/Checkout page/inputCompanyName'

2021-08-05 00:13:12 - [MESSAGE][INFO] - The list of options is: [SELECT A COUNTRY…, ÅLAND ISLANDS, AFGHANISTAN, ALBANIA, ALGERIA, AMERICAN SAMOA, ANDORRA, ANGOLA, ANGUILLA, ANTARCTICA, ANTIGUA AND BARBUDA, ARGENTINA, ARMENIA, ARUBA, AUSTRALIA, AUSTRIA, AZERBAIJAN, BAHAMAS, BAHRAIN, BANGLADESH, BARBADOS, BELARUS, BELAU, BELGIUM, BELIZE, BENIN, BERMUDA, BHUTAN, BOLIVIA, BONAIRE, SAINT EUSTATIUS AND SABA, BOSNIA AND HERZEGOVINA, BOTSWANA, BOUVET ISLAND, BRAZIL, BRITISH INDIAN OCEAN TERRITORY, BRUNEI, BULGARIA, BURKINA FASO, BURUNDI, CAMBODIA, CAMEROON, CANADA, CAPE VERDE, CAYMAN ISLANDS, CENTRAL AFRICAN REPUBLIC, CHAD, CHILE, CHINA, CHRISTMAS ISLAND, COCOS (KEELING) ISLANDS, COLOMBIA, COMOROS, CONGO (BRAZZAVILLE), CONGO (KINSHASA), COOK ISLANDS, COSTA RICA, CROATIA, CUBA, CURAÇAO, CYPRUS, CZECH REPUBLIC, DENMARK, DJIBOUTI, DOMINICA, DOMINICAN REPUBLIC, ECUADOR, EGYPT, EL SALVADOR, EQUATORIAL GUINEA, ERITREA, ESTONIA, ETHIOPIA, FALKLAND ISLANDS, FAROE ISLANDS, FIJI, FINLAND, FRANCE, FRENCH GUIANA, FRENCH POLYNESIA, FRENCH SOUTHERN TERRITORIES, GABON, GAMBIA, GEORGIA, GERMANY, GHANA, GIBRALTAR, GREECE, GREENLAND, GRENADA, GUADELOUPE, GUAM, GUATEMALA, GUERNSEY, GUINEA, GUINEA-BISSAU, GUYANA, HAITI, HEARD ISLAND AND MCDONALD ISLANDS, HONDURAS, HONG KONG, HUNGARY, ICELAND, INDIA, INDONESIA, IRAN, IRAQ, IRELAND, ISLE OF MAN, ISRAEL, ITALY, IVORY COAST, JAMAICA, JAPAN, JERSEY, JORDAN, KAZAKHSTAN, KENYA, KIRIBATI, KUWAIT, KYRGYZSTAN, LAOS, LATVIA, LEBANON, LESOTHO, LIBERIA, LIBYA, LIECHTENSTEIN, LITHUANIA, LUXEMBOURG, MACAO S.A.R., CHINA, MADAGASCAR, MALAWI, MALAYSIA, MALDIVES, MALI, MALTA, MARSHALL ISLANDS, MARTINIQUE, MAURITANIA, MAURITIUS, MAYOTTE, MEXICO, MICRONESIA, MOLDOVA, MONACO, MONGOLIA, MONTENEGRO, MONTSERRAT, MOROCCO, MOZAMBIQUE, MYANMAR, NAMIBIA, NAURU, NEPAL, NETHERLANDS, NEW CALEDONIA, NEW ZEALAND, NICARAGUA, NIGER, NIGERIA, NIUE, NORFOLK ISLAND, NORTH KOREA, NORTH MACEDONIA, NORTHERN MARIANA ISLANDS, NORWAY, OMAN, PAKISTAN, PALESTINIAN TERRITORY, PANAMA, PAPUA NEW GUINEA, PARAGUAY, PERU, PHILIPPINES, PITCAIRN, POLAND, PORTUGAL, PUERTO RICO, QATAR, REUNION, ROMANIA, RUSSIA, RWANDA, SÃO TOMÉ AND PRÍNCIPE, SAINT BARTHÉLEMY, SAINT HELENA, SAINT KITTS AND NEVIS, SAINT LUCIA, SAINT MARTIN (DUTCH PART), SAINT MARTIN (FRENCH PART), SAINT PIERRE AND MIQUELON, SAINT VINCENT AND THE GRENADINES, SAMOA, SAN MARINO, SAUDI ARABIA, SENEGAL, SERBIA, SEYCHELLES, SIERRA LEONE, SINGAPORE, SLOVAKIA, SLOVENIA, SOLOMON ISLANDS, SOMALIA, SOUTH AFRICA, SOUTH GEORGIA/SANDWICH ISLANDS, SOUTH KOREA, SOUTH SUDAN, SPAIN, SRI LANKA, SUDAN, SURINAME, SVALBARD AND JAN MAYEN, SWAZILAND, SWEDEN, SWITZERLAND, SYRIA, TAIWAN, TAJIKISTAN, TANZANIA, THAILAND, TIMOR-LESTE, TOGO, TOKELAU, TONGA, TRINIDAD AND TOBAGO, TUNISIA, TURKEY, TURKMENISTAN, TURKS AND CAICOS ISLANDS, TUVALU, UGANDA, UKRAINE, UNITED ARAB EMIRATES, UNITED KINGDOM (UK), UNITED STATES (US), UNITED STATES (US) MINOR OUTLYING ISLANDS, URUGUAY, UZBEKISTAN, VANUATU, VATICAN, VENEZUELA, VIETNAM, VIRGIN ISLANDS (BRITISH), VIRGIN ISLANDS (US), WALLIS AND FUTUNA, WESTERN SAHARA, YEMEN, ZAMBIA, ZIMBABWE]

2021-08-05 00:13:13 - [MESSAGE][PASSED] - Attribute 'class' of object 'Object Repository/Select2/select_single' is: 'country_to_state country_select select2-hidden-accessible'

2021-08-05 00:13:13 - [MESSAGE][INFO] - The selected options list is: [Vietnam]

2021-08-05 00:13:14 - [MESSAGE][PASSED] - Text '119 Board St' is set on object 'Object Repository/Pages/Checkout page/inputAddress'

2021-08-05 00:13:15 - [MESSAGE][PASSED] - Text 'HCM' is set on object 'Object Repository/Pages/Checkout page/inputCity'

2021-08-05 00:13:16 - [MESSAGE][PASSED] - Text '70000' is set on object 'Object Repository/Pages/Checkout page/inputPostcode'

2021-08-05 00:13:17 - [MESSAGE][PASSED] - Text '0359912800' is set on object 'Object Repository/Pages/Checkout page/inputPhone'

2021-08-05 00:13:24 - [MESSAGE][INFO] - Unable to find the element located by 'By.xpath: //*[@class = 'blockUI blockOverlay']'. Please recheck the objects properties to make sure the desired element is located. 

2021-08-05 00:13:24 - [MESSAGE][WARNING] - [SELF-HEALING] Failed to find element with id 'Object Repository/Pages/Checkout page/blockUI'. Try using Self-healing.

2021-08-05 00:13:24 - [MESSAGE][WARNING] - [SELF-HEALING] Cannot find elements when the XPath is null.

2021-08-05 00:13:24 - [MESSAGE][WARNING] - [SELF-HEALING] Cannot find elements when the selector is null

2021-08-05 00:13:24 - [MESSAGE][WARNING] - Object 'Object Repository/Pages/Checkout page/blockUI' is not present after 5 second(s)

2021-08-05 00:13:24 - [MESSAGE][PASSED] - Web element with id: 'Object Repository/Pages/Checkout page/blockUI' located by 'By.xpath: //*[@class = 'blockUI blockOverlay']' is not present after '60' second(s)

2021-08-05 00:13:24 - [MESSAGE][PASSED] - Object: 'Object Repository/Pages/Checkout page/btnPlaceOrder' is clicked on

2021-08-05 00:13:30 - [MESSAGE][INFO] - Unable to find the element located by 'By.xpath: //*[@class = 'blockUI blockOverlay']'. Please recheck the objects properties to make sure the desired element is located. 

2021-08-05 00:13:30 - [MESSAGE][WARNING] - [SELF-HEALING] Failed to find element with id 'Object Repository/Pages/Checkout page/blockUI'. Try using Self-healing.

2021-08-05 00:13:30 - [MESSAGE][WARNING] - [SELF-HEALING] Cannot find elements when the XPath is null.

2021-08-05 00:13:30 - [MESSAGE][WARNING] - [SELF-HEALING] Cannot find elements when the selector is null

2021-08-05 00:13:30 - [MESSAGE][WARNING] - Object 'Object Repository/Pages/Checkout page/blockUI' is not present after 5 second(s)

2021-08-05 00:13:30 - [MESSAGE][PASSED] - Web element with id: 'Object Repository/Pages/Checkout page/blockUI' located by 'By.xpath: //*[@class = 'blockUI blockOverlay']' is not present after '60' second(s)

2021-08-05 00:13:30 - [MESSAGE][PASSED] - sample.Checkout.CheckoutShopWithGlobalVariable is PASSED

2021-08-05 00:13:30 - [TEST_STEP][PASSED] - sample.Login.logoutFromApplication(): sample.Login.logoutFromApplication is PASSED

2021-08-05 00:13:31 - [MESSAGE][PASSED] - Object 'Object Repository/Pages/MyAccount page/lnkMyAccount' is present

2021-08-05 00:13:32 - [MESSAGE][PASSED] - Object: 'Object Repository/Pages/MyAccount page/lnkMyAccount' is clicked on

2021-08-05 00:13:32 - [MESSAGE][PASSED] - Object 'Object Repository/Pages/MyAccount page/lnkLogout' is present

2021-08-05 00:13:33 - [MESSAGE][PASSED] - Object: 'Object Repository/Pages/MyAccount page/lnkLogout' is clicked on

2021-08-05 00:13:33 - [MESSAGE][PASSED] - Object 'Object Repository/Pages/MyAccount page/nav_HomeMyaccount' is visible

2021-08-05 00:13:33 - [MESSAGE][PASSED] - sample.Login.logoutFromApplication is PASSED

2021-08-05 00:13:33 - [TEST_STEP][PASSED] - closeBrowser(): Browser is closed

2021-08-05 00:13:33 - [MESSAGE][PASSED] - Browser is closed]]></system-out>
         <system-err><![CDATA[]]></system-err>
      </testcase>
      <system-out><![CDATA[2021-08-05 00:12:00 - [TEST_SUITE][PASSED] - Order and check out with Global Variable: Test Cases/Custom-keyword samples/Order and check out a single product using coupon]]></system-out>
      <system-err><![CDATA[]]></system-err>
   </testsuite>
</testsuites>
